[debug] [2021-03-29T07:25:18.872Z] ----------------------------------------------------------------------
[debug] [2021-03-29T07:25:18.875Z] Command:       C:\Program Files\nodejs\node.exe C:\Users\Eze\AppData\Roaming\npm\node_modules\firebase-tools\lib\bin\firebase.js deploy
[debug] [2021-03-29T07:25:18.875Z] CLI Version:   9.8.0
[debug] [2021-03-29T07:25:18.875Z] Platform:      win32
[debug] [2021-03-29T07:25:18.875Z] Node Version:  v14.15.4
[debug] [2021-03-29T07:25:18.877Z] Time:          Mon Mar 29 2021 04:25:18 GMT-0300 (hora estándar de Argentina)
[debug] [2021-03-29T07:25:18.877Z] ----------------------------------------------------------------------
[debug] 
[debug] [2021-03-29T07:25:18.886Z] > command requires scopes: ["email","openid","https://www.googleapis.com/auth/cloudplatformprojects.readonly","https://www.googleapis.com/auth/firebase","https://www.googleapis.com/auth/cloud-platform"]
[debug] [2021-03-29T07:25:18.886Z] > authorizing via signed-in user
[debug] [2021-03-29T07:25:18.887Z] [iam] checking project fmsvotacion-abff6 for permissions ["firebase.projects.get","firebasehosting.sites.update"]
[debug] [2021-03-29T07:25:18.889Z] > refreshing access token with scopes: ["email","https://www.googleapis.com/auth/cloud-platform","https://www.googleapis.com/auth/cloudplatformprojects.readonly","https://www.googleapis.com/auth/firebase","openid"]
[debug] [2021-03-29T07:25:18.890Z] >>> HTTP REQUEST POST https://www.googleapis.com/oauth2/v3/token  
 <request body omitted>
[debug] [2021-03-29T07:25:19.007Z] <<< HTTP RESPONSE 200 {"pragma":"no-cache","date":"Mon, 29 Mar 2021 07:25:21 GMT","cache-control":"no-cache, no-store, max-age=0, must-revalidate","expires":"Mon, 01 Jan 1990 00:00:00 GMT","content-type":"application/json; charset=utf-8","vary":"X-Origin, Referer, Origin,Accept-Encoding","server":"scaffolding on HTTPServer2","x-xss-protection":"0","x-frame-options":"SAMEORIGIN","x-content-type-options":"nosniff","alt-svc":"h3-29=\":443\"; ma=2592000,h3-T051=\":443\"; ma=2592000,h3-Q050=\":443\"; ma=2592000,h3-Q046=\":443\"; ma=2592000,h3-Q043=\":443\"; ma=2592000,quic=\":443\"; ma=2592000; v=\"46,43\"","accept-ranges":"none","transfer-encoding":"chunked"}
[debug] [2021-03-29T07:25:19.019Z] >>> HTTP REQUEST POST https://cloudresourcemanager.googleapis.com/v1/projects/fmsvotacion-abff6:testIamPermissions  
 {"permissions":["firebase.projects.get","firebasehosting.sites.update"]}
[debug] [2021-03-29T07:25:40.100Z] [iam] error while checking permissions, command may fail: FirebaseError: Server Error. connect ETIMEDOUT 172.217.172.106:443
[debug] [2021-03-29T07:25:40.101Z] > refreshing access token with scopes: []
[debug] [2021-03-29T07:25:40.101Z] >>> HTTP REQUEST POST https://www.googleapis.com/oauth2/v3/token  
 <request body omitted>
[debug] [2021-03-29T07:25:40.182Z] <<< HTTP RESPONSE 200 {"pragma":"no-cache","expires":"Mon, 01 Jan 1990 00:00:00 GMT","date":"Mon, 29 Mar 2021 07:25:42 GMT","cache-control":"no-cache, no-store, max-age=0, must-revalidate","content-type":"application/json; charset=utf-8","vary":"X-Origin, Referer, Origin,Accept-Encoding","server":"scaffolding on HTTPServer2","x-xss-protection":"0","x-frame-options":"SAMEORIGIN","x-content-type-options":"nosniff","alt-svc":"h3-29=\":443\"; ma=2592000,h3-T051=\":443\"; ma=2592000,h3-Q050=\":443\"; ma=2592000,h3-Q046=\":443\"; ma=2592000,h3-Q043=\":443\"; ma=2592000,quic=\":443\"; ma=2592000; v=\"46,43\"","accept-ranges":"none","transfer-encoding":"chunked"}
[debug] [2021-03-29T07:25:40.189Z] >>> [apiv2][query] GET https://firebase.googleapis.com/v1beta1/projects/fmsvotacion-abff6 [none]
[debug] [2021-03-29T07:25:41.179Z] <<< [apiv2][status] GET https://firebase.googleapis.com/v1beta1/projects/fmsvotacion-abff6 200
[debug] [2021-03-29T07:25:41.179Z] <<< [apiv2][body] GET https://firebase.googleapis.com/v1beta1/projects/fmsvotacion-abff6 {"projectId":"fmsvotacion-abff6","projectNumber":"950414770493","displayName":"FMSvotacion","name":"projects/fmsvotacion-abff6","resources":{"hostingSite":"fmsvotacion-abff6"},"state":"ACTIVE"}
[info] 
[info] === Deploying to 'fmsvotacion-abff6'...
[info] 
[info] i  deploying hosting 
[debug] [2021-03-29T07:25:41.184Z] > refreshing access token with scopes: ["email","https://www.googleapis.com/auth/cloud-platform","https://www.googleapis.com/auth/cloudplatformprojects.readonly","https://www.googleapis.com/auth/firebase","openid"]
[debug] [2021-03-29T07:25:41.185Z] >>> HTTP REQUEST POST https://www.googleapis.com/oauth2/v3/token  
 <request body omitted>
[debug] [2021-03-29T07:25:41.259Z] <<< HTTP RESPONSE 200 {"cache-control":"no-cache, no-store, max-age=0, must-revalidate","date":"Mon, 29 Mar 2021 07:25:43 GMT","pragma":"no-cache","expires":"Mon, 01 Jan 1990 00:00:00 GMT","content-type":"application/json; charset=utf-8","vary":"X-Origin, Referer, Origin,Accept-Encoding","server":"scaffolding on HTTPServer2","x-xss-protection":"0","x-frame-options":"SAMEORIGIN","x-content-type-options":"nosniff","alt-svc":"h3-29=\":443\"; ma=2592000,h3-T051=\":443\"; ma=2592000,h3-Q050=\":443\"; ma=2592000,h3-Q046=\":443\"; ma=2592000,h3-Q043=\":443\"; ma=2592000,quic=\":443\"; ma=2592000; v=\"46,43\"","accept-ranges":"none","transfer-encoding":"chunked"}
[debug] [2021-03-29T07:25:41.264Z] >>> HTTP REQUEST POST https://firebasehosting.googleapis.com/v1beta1/sites/fmsvotacion-abff6/versions  
 {"config":{"rewrites":[{"glob":"**","path":"/index.html"}]},"labels":{"deployment-tool":"cli-firebase"}}
[debug] [2021-03-29T07:25:42.979Z] <<< HTTP RESPONSE 200 {"content-type":"application/json; charset=UTF-8","vary":"X-Origin, Referer, Origin,Accept-Encoding","date":"Mon, 29 Mar 2021 07:25:45 GMT","server":"ESF","cache-control":"private","x-xss-protection":"0","x-frame-options":"SAMEORIGIN","x-content-type-options":"nosniff","alt-svc":"h3-29=\":443\"; ma=2592000,h3-T051=\":443\"; ma=2592000,h3-Q050=\":443\"; ma=2592000,h3-Q046=\":443\"; ma=2592000,h3-Q043=\":443\"; ma=2592000,quic=\":443\"; ma=2592000; v=\"46,43\"","accept-ranges":"none","transfer-encoding":"chunked"}
[info] i  hosting[fmsvotacion-abff6]: beginning deploy... 
[info] i  hosting[fmsvotacion-abff6]: found 24 files in build 
[debug] [2021-03-29T07:25:43.141Z] > refreshing access token with scopes: []
[debug] [2021-03-29T07:25:43.141Z] >>> HTTP REQUEST POST https://www.googleapis.com/oauth2/v3/token  
 <request body omitted>
[debug] [2021-03-29T07:25:43.142Z] [hosting] hash cache [YnVpbGQ] stored for 24 files
[debug] [2021-03-29T07:25:43.143Z] [hosting][hash queue][FINAL] {"max":136,"min":5,"avg":20.333333333333332,"active":0,"complete":24,"success":24,"errored":0,"retried":0,"total":24,"elapsed":143}
[debug] [2021-03-29T07:25:43.215Z] <<< HTTP RESPONSE 200 {"expires":"Mon, 01 Jan 1990 00:00:00 GMT","pragma":"no-cache","date":"Mon, 29 Mar 2021 07:25:45 GMT","cache-control":"no-cache, no-store, max-age=0, must-revalidate","content-type":"application/json; charset=utf-8","vary":"X-Origin, Referer, Origin,Accept-Encoding","server":"scaffolding on HTTPServer2","x-xss-protection":"0","x-frame-options":"SAMEORIGIN","x-content-type-options":"nosniff","alt-svc":"h3-29=\":443\"; ma=2592000,h3-T051=\":443\"; ma=2592000,h3-Q050=\":443\"; ma=2592000,h3-Q046=\":443\"; ma=2592000,h3-Q043=\":443\"; ma=2592000,quic=\":443\"; ma=2592000; v=\"46,43\"","accept-ranges":"none","transfer-encoding":"chunked"}
[debug] [2021-03-29T07:25:43.220Z] >>> [apiv2][query] POST https://firebasehosting.googleapis.com/v1beta1/sites/fmsvotacion-abff6/versions/7e33c634cbcd00d4:populateFiles [none]
[debug] [2021-03-29T07:25:43.221Z] >>> [apiv2][body] POST https://firebasehosting.googleapis.com/v1beta1/sites/fmsvotacion-abff6/versions/7e33c634cbcd00d4:populateFiles {"files":{"/favicon.ico":"49bbdf02a6bd0eeef02edc477482027e0cb090fba8f760db0c4c19faf6bda1d3","/icon.png":"49bbdf02a6bd0eeef02edc477482027e0cb090fba8f760db0c4c19faf6bda1d3","/logo192.png":"3ee59515172ee198f3be375979df15ac5345183e656720a381b8872b2a39dc8b","/logo512.png":"ee7e2f3fdb8209c4b6fd7bef6ba50d1b9dba30a25bb5c3126df057e1cb6f5331","/manifest.json":"aff3449bdc238776f5d6d967f19ec491b36aed5fb7f23ccff6500736fd58494a","/robots.txt":"bfe106a3fb878dc83461c86818bf74fc1bdc7f28538ba613cd3e775516ce8b49","/asset-manifest.json":"bb9ebbade7ef2c3894a7a0485df79e9b2715130b3193ab76ede8f4a6f7400c4a","/index.html":"bc58473c843ac4b950f14589cb900091c0e3e3a88387ab9e91c359978c801d1d","/static/css/main.3011a750.chunk.css":"d9781c7324f26c3cb34b6eafed850a8931da48e265c70feb7d949b24e3e81214","/static/css/main.3011a750.chunk.css.map":"87024d85777ee62de985dc59a47bb5c87a271c9e8bed19135b722de6c5cf6cf0","/static/js/2.80c11b7d.chunk.js.LICENSE.txt":"c66dda1d498bd5bd09f756c0c667388000005ff7cf254297e34a1ea5965c98b4","/static/js/runtime-main.99d64521.js":"3c11f1b3ba41be832aa5c2d350a0ade7f5bf5c6cb13faf65b8af6d5eb76506e6","/static/js/runtime-main.99d64521.js.map":"f66caa45b18a04da52bb205a63937a34f0b0b59b8acd654746037446334f6f70","/static/media/openwindow.e7a6725d.png":"7737f568c1ccea8ee1028a89ffe7e8748e216e71581728095c5c4cdd5e8a12bc","/static/js/main.6adbd4ab.chunk.js":"fc46778f72c9438a7c6a761c299e6a7fcb41c349d2173f6d9a4756e4ae8aeb8d","/static/media/logoVectorBlanco.16ce51f4.png":"41dad477874997089fdbd769ff5cb09bf3f99b96f441cd82a6ad1ee649e99fe8","/static/media/buscador.6cdee355.png":"f7f8f5246fa33bfbb0e3b6a694a6ccea2fa15089d2689da9a004c2965f91ff5c","/static/media/error.db38c042.png":"3196576ebe4b44d9a4dd77c44196bf48298fd3cf269d09f6c7bfe576b4076414","/static/media/comofunciona.36310e3c.png":"6df7e267a39bf76b9a2ea5713a4b4606abb7b7710cabe64f4c455db8e6768634","/static/js/main.6adbd4ab.chunk.js.map":"e36e7ff5f55d2c5f5dc44ff33463970581a86c152b6a8bbf59da1d597231d754","/static/media/sobrenosotros2.1c3d1a7b.png":"4e4d9db048bfbba554b9d043bde8998d26e5bd8732e169e0c9611114b9334a7f","/static/js/2.80c11b7d.chunk.js":"140a8cf1ab747e27439e1da14ba6cf53083c0fdd9203bcd609a4654875fda92b","/static/media/fondo.d0d80c15.png":"43cd0f57ceeffe0d2da19fa88ab60dcfe1ce54ab03dc1581add3d978e62c4d3a","/static/js/2.80c11b7d.chunk.js.map":"6eea40d9f1a1e558a07eb8e18714257a9fc633dfb056391c2fa5ee970e62dac6"}}
[debug] [2021-03-29T07:25:44.510Z] <<< [apiv2][status] POST https://firebasehosting.googleapis.com/v1beta1/sites/fmsvotacion-abff6/versions/7e33c634cbcd00d4:populateFiles 200
[debug] [2021-03-29T07:25:44.510Z] <<< [apiv2][body] POST https://firebasehosting.googleapis.com/v1beta1/sites/fmsvotacion-abff6/versions/7e33c634cbcd00d4:populateFiles {"uploadRequiredHashes":["bc58473c843ac4b950f14589cb900091c0e3e3a88387ab9e91c359978c801d1d","140a8cf1ab747e27439e1da14ba6cf53083c0fdd9203bcd609a4654875fda92b","6eea40d9f1a1e558a07eb8e18714257a9fc633dfb056391c2fa5ee970e62dac6","bb9ebbade7ef2c3894a7a0485df79e9b2715130b3193ab76ede8f4a6f7400c4a","fc46778f72c9438a7c6a761c299e6a7fcb41c349d2173f6d9a4756e4ae8aeb8d","e36e7ff5f55d2c5f5dc44ff33463970581a86c152b6a8bbf59da1d597231d754"],"uploadUrl":"https://upload-firebasehosting.googleapis.com/upload/sites/fmsvotacion-abff6/versions/7e33c634cbcd00d4/files"}
[debug] [2021-03-29T07:25:44.512Z] >>> [apiv2][query] POST https://upload-firebasehosting.googleapis.com/upload/sites/fmsvotacion-abff6/versions/7e33c634cbcd00d4/files/bc58473c843ac4b950f14589cb900091c0e3e3a88387ab9e91c359978c801d1d [none]
[debug] [2021-03-29T07:25:44.513Z] >>> [apiv2][body] POST https://upload-firebasehosting.googleapis.com/upload/sites/fmsvotacion-abff6/versions/7e33c634cbcd00d4/files/bc58473c843ac4b950f14589cb900091c0e3e3a88387ab9e91c359978c801d1d [stream]
[debug] [2021-03-29T07:25:44.514Z] >>> [apiv2][query] POST https://upload-firebasehosting.googleapis.com/upload/sites/fmsvotacion-abff6/versions/7e33c634cbcd00d4/files/140a8cf1ab747e27439e1da14ba6cf53083c0fdd9203bcd609a4654875fda92b [none]
[debug] [2021-03-29T07:25:44.514Z] >>> [apiv2][body] POST https://upload-firebasehosting.googleapis.com/upload/sites/fmsvotacion-abff6/versions/7e33c634cbcd00d4/files/140a8cf1ab747e27439e1da14ba6cf53083c0fdd9203bcd609a4654875fda92b [stream]
[debug] [2021-03-29T07:25:44.515Z] >>> [apiv2][query] POST https://upload-firebasehosting.googleapis.com/upload/sites/fmsvotacion-abff6/versions/7e33c634cbcd00d4/files/6eea40d9f1a1e558a07eb8e18714257a9fc633dfb056391c2fa5ee970e62dac6 [none]
[debug] [2021-03-29T07:25:44.515Z] >>> [apiv2][body] POST https://upload-firebasehosting.googleapis.com/upload/sites/fmsvotacion-abff6/versions/7e33c634cbcd00d4/files/6eea40d9f1a1e558a07eb8e18714257a9fc633dfb056391c2fa5ee970e62dac6 [stream]
[debug] [2021-03-29T07:25:44.515Z] >>> [apiv2][query] POST https://upload-firebasehosting.googleapis.com/upload/sites/fmsvotacion-abff6/versions/7e33c634cbcd00d4/files/bb9ebbade7ef2c3894a7a0485df79e9b2715130b3193ab76ede8f4a6f7400c4a [none]
[debug] [2021-03-29T07:25:44.516Z] >>> [apiv2][body] POST https://upload-firebasehosting.googleapis.com/upload/sites/fmsvotacion-abff6/versions/7e33c634cbcd00d4/files/bb9ebbade7ef2c3894a7a0485df79e9b2715130b3193ab76ede8f4a6f7400c4a [stream]
[debug] [2021-03-29T07:25:44.516Z] >>> [apiv2][query] POST https://upload-firebasehosting.googleapis.com/upload/sites/fmsvotacion-abff6/versions/7e33c634cbcd00d4/files/fc46778f72c9438a7c6a761c299e6a7fcb41c349d2173f6d9a4756e4ae8aeb8d [none]
[debug] [2021-03-29T07:25:44.516Z] >>> [apiv2][body] POST https://upload-firebasehosting.googleapis.com/upload/sites/fmsvotacion-abff6/versions/7e33c634cbcd00d4/files/fc46778f72c9438a7c6a761c299e6a7fcb41c349d2173f6d9a4756e4ae8aeb8d [stream]
[debug] [2021-03-29T07:25:44.517Z] >>> [apiv2][query] POST https://upload-firebasehosting.googleapis.com/upload/sites/fmsvotacion-abff6/versions/7e33c634cbcd00d4/files/e36e7ff5f55d2c5f5dc44ff33463970581a86c152b6a8bbf59da1d597231d754 [none]
[debug] [2021-03-29T07:25:44.517Z] >>> [apiv2][body] POST https://upload-firebasehosting.googleapis.com/upload/sites/fmsvotacion-abff6/versions/7e33c634cbcd00d4/files/e36e7ff5f55d2c5f5dc44ff33463970581a86c152b6a8bbf59da1d597231d754 [stream]
[debug] [2021-03-29T07:25:44.518Z] [hosting][populate queue][FINAL] {"max":1372,"min":1372,"avg":1372,"active":0,"complete":1,"success":1,"errored":0,"retried":0,"total":1,"elapsed":1378}
[debug] [2021-03-29T07:25:44.518Z] [hosting] uploads queued: 6
[debug] [2021-03-29T07:26:06.023Z] [uploadQueue] Retrying task bc58473c843ac4b950f14589cb900091c0e3e3a88387ab9e91c359978c801d1d
[debug] [2021-03-29T07:26:06.024Z] >>> [apiv2][query] POST https://upload-firebasehosting.googleapis.com/upload/sites/fmsvotacion-abff6/versions/7e33c634cbcd00d4/files/bc58473c843ac4b950f14589cb900091c0e3e3a88387ab9e91c359978c801d1d [none]
[debug] [2021-03-29T07:26:06.024Z] >>> [apiv2][body] POST https://upload-firebasehosting.googleapis.com/upload/sites/fmsvotacion-abff6/versions/7e33c634cbcd00d4/files/bc58473c843ac4b950f14589cb900091c0e3e3a88387ab9e91c359978c801d1d [stream]
[debug] [2021-03-29T07:26:06.025Z] [uploadQueue] Retrying task fc46778f72c9438a7c6a761c299e6a7fcb41c349d2173f6d9a4756e4ae8aeb8d
[debug] [2021-03-29T07:26:06.025Z] >>> [apiv2][query] POST https://upload-firebasehosting.googleapis.com/upload/sites/fmsvotacion-abff6/versions/7e33c634cbcd00d4/files/fc46778f72c9438a7c6a761c299e6a7fcb41c349d2173f6d9a4756e4ae8aeb8d [none]
[debug] [2021-03-29T07:26:06.026Z] >>> [apiv2][body] POST https://upload-firebasehosting.googleapis.com/upload/sites/fmsvotacion-abff6/versions/7e33c634cbcd00d4/files/fc46778f72c9438a7c6a761c299e6a7fcb41c349d2173f6d9a4756e4ae8aeb8d [stream]
[debug] [2021-03-29T07:26:06.026Z] [uploadQueue] Retrying task 6eea40d9f1a1e558a07eb8e18714257a9fc633dfb056391c2fa5ee970e62dac6
[debug] [2021-03-29T07:26:06.031Z] >>> [apiv2][query] POST https://upload-firebasehosting.googleapis.com/upload/sites/fmsvotacion-abff6/versions/7e33c634cbcd00d4/files/6eea40d9f1a1e558a07eb8e18714257a9fc633dfb056391c2fa5ee970e62dac6 [none]
[debug] [2021-03-29T07:26:06.031Z] >>> [apiv2][body] POST https://upload-firebasehosting.googleapis.com/upload/sites/fmsvotacion-abff6/versions/7e33c634cbcd00d4/files/6eea40d9f1a1e558a07eb8e18714257a9fc633dfb056391c2fa5ee970e62dac6 [stream]
[debug] [2021-03-29T07:26:06.033Z] [uploadQueue] Retrying task e36e7ff5f55d2c5f5dc44ff33463970581a86c152b6a8bbf59da1d597231d754
[debug] [2021-03-29T07:26:06.033Z] >>> [apiv2][query] POST https://upload-firebasehosting.googleapis.com/upload/sites/fmsvotacion-abff6/versions/7e33c634cbcd00d4/files/e36e7ff5f55d2c5f5dc44ff33463970581a86c152b6a8bbf59da1d597231d754 [none]
[debug] [2021-03-29T07:26:06.033Z] >>> [apiv2][body] POST https://upload-firebasehosting.googleapis.com/upload/sites/fmsvotacion-abff6/versions/7e33c634cbcd00d4/files/e36e7ff5f55d2c5f5dc44ff33463970581a86c152b6a8bbf59da1d597231d754 [stream]
[debug] [2021-03-29T07:26:06.034Z] [uploadQueue] Retrying task 140a8cf1ab747e27439e1da14ba6cf53083c0fdd9203bcd609a4654875fda92b
[debug] [2021-03-29T07:26:06.035Z] >>> [apiv2][query] POST https://upload-firebasehosting.googleapis.com/upload/sites/fmsvotacion-abff6/versions/7e33c634cbcd00d4/files/140a8cf1ab747e27439e1da14ba6cf53083c0fdd9203bcd609a4654875fda92b [none]
[debug] [2021-03-29T07:26:06.035Z] >>> [apiv2][body] POST https://upload-firebasehosting.googleapis.com/upload/sites/fmsvotacion-abff6/versions/7e33c634cbcd00d4/files/140a8cf1ab747e27439e1da14ba6cf53083c0fdd9203bcd609a4654875fda92b [stream]
[debug] [2021-03-29T07:26:06.036Z] [uploadQueue] Retrying task bb9ebbade7ef2c3894a7a0485df79e9b2715130b3193ab76ede8f4a6f7400c4a
[debug] [2021-03-29T07:26:06.037Z] >>> [apiv2][query] POST https://upload-firebasehosting.googleapis.com/upload/sites/fmsvotacion-abff6/versions/7e33c634cbcd00d4/files/bb9ebbade7ef2c3894a7a0485df79e9b2715130b3193ab76ede8f4a6f7400c4a [none]
[debug] [2021-03-29T07:26:06.037Z] >>> [apiv2][body] POST https://upload-firebasehosting.googleapis.com/upload/sites/fmsvotacion-abff6/versions/7e33c634cbcd00d4/files/bb9ebbade7ef2c3894a7a0485df79e9b2715130b3193ab76ede8f4a6f7400c4a [stream]
[debug] [2021-03-29T07:26:27.883Z] [uploadQueue] Retrying task bc58473c843ac4b950f14589cb900091c0e3e3a88387ab9e91c359978c801d1d
[debug] [2021-03-29T07:26:27.899Z] >>> [apiv2][query] POST https://upload-firebasehosting.googleapis.com/upload/sites/fmsvotacion-abff6/versions/7e33c634cbcd00d4/files/bc58473c843ac4b950f14589cb900091c0e3e3a88387ab9e91c359978c801d1d [none]
[debug] [2021-03-29T07:26:27.899Z] >>> [apiv2][body] POST https://upload-firebasehosting.googleapis.com/upload/sites/fmsvotacion-abff6/versions/7e33c634cbcd00d4/files/bc58473c843ac4b950f14589cb900091c0e3e3a88387ab9e91c359978c801d1d [stream]
[debug] [2021-03-29T07:26:27.904Z] [uploadQueue] Retrying task 6eea40d9f1a1e558a07eb8e18714257a9fc633dfb056391c2fa5ee970e62dac6
[debug] [2021-03-29T07:26:27.905Z] >>> [apiv2][query] POST https://upload-firebasehosting.googleapis.com/upload/sites/fmsvotacion-abff6/versions/7e33c634cbcd00d4/files/6eea40d9f1a1e558a07eb8e18714257a9fc633dfb056391c2fa5ee970e62dac6 [none]
[debug] [2021-03-29T07:26:27.906Z] >>> [apiv2][body] POST https://upload-firebasehosting.googleapis.com/upload/sites/fmsvotacion-abff6/versions/7e33c634cbcd00d4/files/6eea40d9f1a1e558a07eb8e18714257a9fc633dfb056391c2fa5ee970e62dac6 [stream]
[debug] [2021-03-29T07:26:27.907Z] [uploadQueue] Retrying task bb9ebbade7ef2c3894a7a0485df79e9b2715130b3193ab76ede8f4a6f7400c4a
[debug] [2021-03-29T07:26:27.910Z] >>> [apiv2][query] POST https://upload-firebasehosting.googleapis.com/upload/sites/fmsvotacion-abff6/versions/7e33c634cbcd00d4/files/bb9ebbade7ef2c3894a7a0485df79e9b2715130b3193ab76ede8f4a6f7400c4a [none]
[debug] [2021-03-29T07:26:27.910Z] >>> [apiv2][body] POST https://upload-firebasehosting.googleapis.com/upload/sites/fmsvotacion-abff6/versions/7e33c634cbcd00d4/files/bb9ebbade7ef2c3894a7a0485df79e9b2715130b3193ab76ede8f4a6f7400c4a [stream]
[debug] [2021-03-29T07:26:27.915Z] [uploadQueue] Retrying task 140a8cf1ab747e27439e1da14ba6cf53083c0fdd9203bcd609a4654875fda92b
[debug] [2021-03-29T07:26:27.917Z] >>> [apiv2][query] POST https://upload-firebasehosting.googleapis.com/upload/sites/fmsvotacion-abff6/versions/7e33c634cbcd00d4/files/140a8cf1ab747e27439e1da14ba6cf53083c0fdd9203bcd609a4654875fda92b [none]
[debug] [2021-03-29T07:26:27.917Z] >>> [apiv2][body] POST https://upload-firebasehosting.googleapis.com/upload/sites/fmsvotacion-abff6/versions/7e33c634cbcd00d4/files/140a8cf1ab747e27439e1da14ba6cf53083c0fdd9203bcd609a4654875fda92b [stream]
[debug] [2021-03-29T07:26:27.922Z] [uploadQueue] Retrying task fc46778f72c9438a7c6a761c299e6a7fcb41c349d2173f6d9a4756e4ae8aeb8d
[debug] [2021-03-29T07:26:27.924Z] >>> [apiv2][query] POST https://upload-firebasehosting.googleapis.com/upload/sites/fmsvotacion-abff6/versions/7e33c634cbcd00d4/files/fc46778f72c9438a7c6a761c299e6a7fcb41c349d2173f6d9a4756e4ae8aeb8d [none]
[debug] [2021-03-29T07:26:27.924Z] >>> [apiv2][body] POST https://upload-firebasehosting.googleapis.com/upload/sites/fmsvotacion-abff6/versions/7e33c634cbcd00d4/files/fc46778f72c9438a7c6a761c299e6a7fcb41c349d2173f6d9a4756e4ae8aeb8d [stream]
[debug] [2021-03-29T07:26:27.928Z] [uploadQueue] Retrying task e36e7ff5f55d2c5f5dc44ff33463970581a86c152b6a8bbf59da1d597231d754
[debug] [2021-03-29T07:26:27.929Z] >>> [apiv2][query] POST https://upload-firebasehosting.googleapis.com/upload/sites/fmsvotacion-abff6/versions/7e33c634cbcd00d4/files/e36e7ff5f55d2c5f5dc44ff33463970581a86c152b6a8bbf59da1d597231d754 [none]
[debug] [2021-03-29T07:26:27.930Z] >>> [apiv2][body] POST https://upload-firebasehosting.googleapis.com/upload/sites/fmsvotacion-abff6/versions/7e33c634cbcd00d4/files/e36e7ff5f55d2c5f5dc44ff33463970581a86c152b6a8bbf59da1d597231d754 [stream]
[debug] [2021-03-29T07:26:54.394Z] [uploadQueue] Retrying task fc46778f72c9438a7c6a761c299e6a7fcb41c349d2173f6d9a4756e4ae8aeb8d
[debug] [2021-03-29T07:26:54.395Z] >>> [apiv2][query] POST https://upload-firebasehosting.googleapis.com/upload/sites/fmsvotacion-abff6/versions/7e33c634cbcd00d4/files/fc46778f72c9438a7c6a761c299e6a7fcb41c349d2173f6d9a4756e4ae8aeb8d [none]
[debug] [2021-03-29T07:26:54.395Z] >>> [apiv2][body] POST https://upload-firebasehosting.googleapis.com/upload/sites/fmsvotacion-abff6/versions/7e33c634cbcd00d4/files/fc46778f72c9438a7c6a761c299e6a7fcb41c349d2173f6d9a4756e4ae8aeb8d [stream]
[debug] [2021-03-29T07:26:54.396Z] [uploadQueue] Retrying task bc58473c843ac4b950f14589cb900091c0e3e3a88387ab9e91c359978c801d1d
[debug] [2021-03-29T07:26:54.396Z] >>> [apiv2][query] POST https://upload-firebasehosting.googleapis.com/upload/sites/fmsvotacion-abff6/versions/7e33c634cbcd00d4/files/bc58473c843ac4b950f14589cb900091c0e3e3a88387ab9e91c359978c801d1d [none]
[debug] [2021-03-29T07:26:54.396Z] >>> [apiv2][body] POST https://upload-firebasehosting.googleapis.com/upload/sites/fmsvotacion-abff6/versions/7e33c634cbcd00d4/files/bc58473c843ac4b950f14589cb900091c0e3e3a88387ab9e91c359978c801d1d [stream]
[debug] [2021-03-29T07:26:54.397Z] [uploadQueue] Retrying task bb9ebbade7ef2c3894a7a0485df79e9b2715130b3193ab76ede8f4a6f7400c4a
[debug] [2021-03-29T07:26:54.397Z] >>> [apiv2][query] POST https://upload-firebasehosting.googleapis.com/upload/sites/fmsvotacion-abff6/versions/7e33c634cbcd00d4/files/bb9ebbade7ef2c3894a7a0485df79e9b2715130b3193ab76ede8f4a6f7400c4a [none]
[debug] [2021-03-29T07:26:54.398Z] >>> [apiv2][body] POST https://upload-firebasehosting.googleapis.com/upload/sites/fmsvotacion-abff6/versions/7e33c634cbcd00d4/files/bb9ebbade7ef2c3894a7a0485df79e9b2715130b3193ab76ede8f4a6f7400c4a [stream]
[debug] [2021-03-29T07:26:54.398Z] [uploadQueue] Retrying task 6eea40d9f1a1e558a07eb8e18714257a9fc633dfb056391c2fa5ee970e62dac6
[debug] [2021-03-29T07:26:54.399Z] >>> [apiv2][query] POST https://upload-firebasehosting.googleapis.com/upload/sites/fmsvotacion-abff6/versions/7e33c634cbcd00d4/files/6eea40d9f1a1e558a07eb8e18714257a9fc633dfb056391c2fa5ee970e62dac6 [none]
[debug] [2021-03-29T07:26:54.399Z] >>> [apiv2][body] POST https://upload-firebasehosting.googleapis.com/upload/sites/fmsvotacion-abff6/versions/7e33c634cbcd00d4/files/6eea40d9f1a1e558a07eb8e18714257a9fc633dfb056391c2fa5ee970e62dac6 [stream]
[debug] [2021-03-29T07:26:54.401Z] [uploadQueue] Retrying task 140a8cf1ab747e27439e1da14ba6cf53083c0fdd9203bcd609a4654875fda92b
[debug] [2021-03-29T07:26:54.401Z] >>> [apiv2][query] POST https://upload-firebasehosting.googleapis.com/upload/sites/fmsvotacion-abff6/versions/7e33c634cbcd00d4/files/140a8cf1ab747e27439e1da14ba6cf53083c0fdd9203bcd609a4654875fda92b [none]
[debug] [2021-03-29T07:26:54.401Z] >>> [apiv2][body] POST https://upload-firebasehosting.googleapis.com/upload/sites/fmsvotacion-abff6/versions/7e33c634cbcd00d4/files/140a8cf1ab747e27439e1da14ba6cf53083c0fdd9203bcd609a4654875fda92b [stream]
[debug] [2021-03-29T07:26:54.402Z] [uploadQueue] Retrying task e36e7ff5f55d2c5f5dc44ff33463970581a86c152b6a8bbf59da1d597231d754
[debug] [2021-03-29T07:26:54.403Z] >>> [apiv2][query] POST https://upload-firebasehosting.googleapis.com/upload/sites/fmsvotacion-abff6/versions/7e33c634cbcd00d4/files/e36e7ff5f55d2c5f5dc44ff33463970581a86c152b6a8bbf59da1d597231d754 [none]
[debug] [2021-03-29T07:26:54.403Z] >>> [apiv2][body] POST https://upload-firebasehosting.googleapis.com/upload/sites/fmsvotacion-abff6/versions/7e33c634cbcd00d4/files/e36e7ff5f55d2c5f5dc44ff33463970581a86c152b6a8bbf59da1d597231d754 [stream]
[debug] [2021-03-29T07:27:18.647Z] [uploadQueue] Retrying task 6eea40d9f1a1e558a07eb8e18714257a9fc633dfb056391c2fa5ee970e62dac6
[debug] [2021-03-29T07:27:18.647Z] >>> [apiv2][query] POST https://upload-firebasehosting.googleapis.com/upload/sites/fmsvotacion-abff6/versions/7e33c634cbcd00d4/files/6eea40d9f1a1e558a07eb8e18714257a9fc633dfb056391c2fa5ee970e62dac6 [none]
[debug] [2021-03-29T07:27:18.647Z] >>> [apiv2][body] POST https://upload-firebasehosting.googleapis.com/upload/sites/fmsvotacion-abff6/versions/7e33c634cbcd00d4/files/6eea40d9f1a1e558a07eb8e18714257a9fc633dfb056391c2fa5ee970e62dac6 [stream]
[debug] [2021-03-29T07:27:18.649Z] [uploadQueue] Retrying task 140a8cf1ab747e27439e1da14ba6cf53083c0fdd9203bcd609a4654875fda92b
[debug] [2021-03-29T07:27:18.649Z] >>> [apiv2][query] POST https://upload-firebasehosting.googleapis.com/upload/sites/fmsvotacion-abff6/versions/7e33c634cbcd00d4/files/140a8cf1ab747e27439e1da14ba6cf53083c0fdd9203bcd609a4654875fda92b [none]
[debug] [2021-03-29T07:27:18.649Z] >>> [apiv2][body] POST https://upload-firebasehosting.googleapis.com/upload/sites/fmsvotacion-abff6/versions/7e33c634cbcd00d4/files/140a8cf1ab747e27439e1da14ba6cf53083c0fdd9203bcd609a4654875fda92b [stream]
[debug] [2021-03-29T07:27:18.651Z] [uploadQueue] Retrying task fc46778f72c9438a7c6a761c299e6a7fcb41c349d2173f6d9a4756e4ae8aeb8d
[debug] [2021-03-29T07:27:18.651Z] >>> [apiv2][query] POST https://upload-firebasehosting.googleapis.com/upload/sites/fmsvotacion-abff6/versions/7e33c634cbcd00d4/files/fc46778f72c9438a7c6a761c299e6a7fcb41c349d2173f6d9a4756e4ae8aeb8d [none]
[debug] [2021-03-29T07:27:18.651Z] >>> [apiv2][body] POST https://upload-firebasehosting.googleapis.com/upload/sites/fmsvotacion-abff6/versions/7e33c634cbcd00d4/files/fc46778f72c9438a7c6a761c299e6a7fcb41c349d2173f6d9a4756e4ae8aeb8d [stream]
[debug] [2021-03-29T07:27:18.652Z] [uploadQueue] Retrying task bb9ebbade7ef2c3894a7a0485df79e9b2715130b3193ab76ede8f4a6f7400c4a
[debug] [2021-03-29T07:27:18.652Z] >>> [apiv2][query] POST https://upload-firebasehosting.googleapis.com/upload/sites/fmsvotacion-abff6/versions/7e33c634cbcd00d4/files/bb9ebbade7ef2c3894a7a0485df79e9b2715130b3193ab76ede8f4a6f7400c4a [none]
[debug] [2021-03-29T07:27:18.652Z] >>> [apiv2][body] POST https://upload-firebasehosting.googleapis.com/upload/sites/fmsvotacion-abff6/versions/7e33c634cbcd00d4/files/bb9ebbade7ef2c3894a7a0485df79e9b2715130b3193ab76ede8f4a6f7400c4a [stream]
[debug] [2021-03-29T07:27:18.653Z] [uploadQueue] Retrying task bc58473c843ac4b950f14589cb900091c0e3e3a88387ab9e91c359978c801d1d
[debug] [2021-03-29T07:27:18.653Z] >>> [apiv2][query] POST https://upload-firebasehosting.googleapis.com/upload/sites/fmsvotacion-abff6/versions/7e33c634cbcd00d4/files/bc58473c843ac4b950f14589cb900091c0e3e3a88387ab9e91c359978c801d1d [none]
[debug] [2021-03-29T07:27:18.653Z] >>> [apiv2][body] POST https://upload-firebasehosting.googleapis.com/upload/sites/fmsvotacion-abff6/versions/7e33c634cbcd00d4/files/bc58473c843ac4b950f14589cb900091c0e3e3a88387ab9e91c359978c801d1d [stream]
[debug] [2021-03-29T07:27:18.655Z] [uploadQueue] Retrying task e36e7ff5f55d2c5f5dc44ff33463970581a86c152b6a8bbf59da1d597231d754
[debug] [2021-03-29T07:27:18.656Z] >>> [apiv2][query] POST https://upload-firebasehosting.googleapis.com/upload/sites/fmsvotacion-abff6/versions/7e33c634cbcd00d4/files/e36e7ff5f55d2c5f5dc44ff33463970581a86c152b6a8bbf59da1d597231d754 [none]
[debug] [2021-03-29T07:27:18.656Z] >>> [apiv2][body] POST https://upload-firebasehosting.googleapis.com/upload/sites/fmsvotacion-abff6/versions/7e33c634cbcd00d4/files/e36e7ff5f55d2c5f5dc44ff33463970581a86c152b6a8bbf59da1d597231d754 [stream]
